{"/Users/fernanda/Documents/Laboratoria/proyecto-5/BQAPI/index.js": {"path":"/Users/fernanda/Documents/Laboratoria/proyecto-5/BQAPI/index.js","statementMap":{"0":{"start":{"line":1,"column":16},"end":{"line":1,"column":34}},"1":{"start":{"line":2,"column":12},"end":{"line":2,"column":21}},"2":{"start":{"line":3,"column":13},"end":{"line":3,"column":28}},"3":{"start":{"line":4,"column":17},"end":{"line":4,"column":36}},"4":{"start":{"line":5,"column":23},"end":{"line":5,"column":45}},"5":{"start":{"line":6,"column":15},"end":{"line":6,"column":40}},"6":{"start":{"line":9,"column":0},"end":{"line":9,"column":27}},"7":{"start":{"line":12,"column":2},"end":{"line":16,"column":21}},"8":{"start":{"line":17,"column":0},"end":{"line":28,"column":6}},"9":{"start":{"line":20,"column":24},"end":{"line":24,"column":29}},"10":{"start":{"line":27,"column":8},"end":{"line":27,"column":24}},"11":{"start":{"line":30,"column":0},"end":{"line":30,"column":23}},"12":{"start":{"line":31,"column":0},"end":{"line":34,"column":3}},"13":{"start":{"line":36,"column":39},"end":{"line":41,"column":1}},"14":{"start":{"line":40,"column":4},"end":{"line":40,"column":10}},"15":{"start":{"line":42,"column":0},"end":{"line":47,"column":1}},"16":{"start":{"line":48,"column":0},"end":{"line":58,"column":5}},"17":{"start":{"line":49,"column":4},"end":{"line":49,"column":51}},"18":{"start":{"line":50,"column":4},"end":{"line":56,"column":5}},"19":{"start":{"line":51,"column":8},"end":{"line":51,"column":24}},"20":{"start":{"line":52,"column":6},"end":{"line":52,"column":45}},"21":{"start":{"line":55,"column":6},"end":{"line":55,"column":16}},"22":{"start":{"line":57,"column":4},"end":{"line":57,"column":13}},"23":{"start":{"line":61,"column":0},"end":{"line":63,"column":2}},"24":{"start":{"line":62,"column":4},"end":{"line":62,"column":41}},"25":{"start":{"line":65,"column":0},"end":{"line":65,"column":20}},"26":{"start":{"line":87,"column":13},"end":{"line":87,"column":37}},"27":{"start":{"line":88,"column":15},"end":{"line":90,"column":2}},"28":{"start":{"line":89,"column":2},"end":{"line":89,"column":48}},"29":{"start":{"line":92,"column":0},"end":{"line":92,"column":31}}},"fnMap":{"0":{"name":"(anonymous_0)","decl":{"start":{"line":19,"column":10},"end":{"line":19,"column":11}},"loc":{"start":{"line":19,"column":16},"end":{"line":25,"column":5}},"line":19},"1":{"name":"(anonymous_1)","decl":{"start":{"line":26,"column":11},"end":{"line":26,"column":12}},"loc":{"start":{"line":26,"column":20},"end":{"line":28,"column":5}},"line":26},"2":{"name":"(anonymous_2)","decl":{"start":{"line":36,"column":39},"end":{"line":36,"column":40}},"loc":{"start":{"line":36,"column":58},"end":{"line":41,"column":1}},"line":36},"3":{"name":"(anonymous_3)","decl":{"start":{"line":48,"column":8},"end":{"line":48,"column":9}},"loc":{"start":{"line":48,"column":39},"end":{"line":58,"column":3}},"line":48},"4":{"name":"(anonymous_4)","decl":{"start":{"line":61,"column":13},"end":{"line":61,"column":14}},"loc":{"start":{"line":61,"column":27},"end":{"line":63,"column":1}},"line":61},"5":{"name":"(anonymous_5)","decl":{"start":{"line":88,"column":32},"end":{"line":88,"column":33}},"loc":{"start":{"line":88,"column":38},"end":{"line":90,"column":1}},"line":88}},"branchMap":{"0":{"loc":{"start":{"line":12,"column":2},"end":{"line":16,"column":21}},"type":"cond-expr","locations":[{"start":{"line":12,"column":43},"end":{"line":12,"column":61}},{"start":{"line":14,"column":2},"end":{"line":16,"column":21}}],"line":12},"1":{"loc":{"start":{"line":14,"column":2},"end":{"line":16,"column":21}},"type":"cond-expr","locations":[{"start":{"line":14,"column":36},"end":{"line":14,"column":55}},{"start":{"line":16,"column":2},"end":{"line":16,"column":21}}],"line":14},"2":{"loc":{"start":{"line":20,"column":24},"end":{"line":24,"column":29}},"type":"cond-expr","locations":[{"start":{"line":20,"column":65},"end":{"line":20,"column":85}},{"start":{"line":22,"column":8},"end":{"line":24,"column":29}}],"line":20},"3":{"loc":{"start":{"line":22,"column":8},"end":{"line":24,"column":29}},"type":"cond-expr","locations":[{"start":{"line":22,"column":42},"end":{"line":22,"column":63}},{"start":{"line":24,"column":8},"end":{"line":24,"column":29}}],"line":22},"4":{"loc":{"start":{"line":50,"column":4},"end":{"line":56,"column":5}},"type":"if","locations":[{"start":{"line":50,"column":4},"end":{"line":56,"column":5}},{"start":{"line":54,"column":11},"end":{"line":56,"column":5}}],"line":50},"5":{"loc":{"start":{"line":87,"column":13},"end":{"line":87,"column":37}},"type":"binary-expr","locations":[{"start":{"line":87,"column":13},"end":{"line":87,"column":29}},{"start":{"line":87,"column":33},"end":{"line":87,"column":37}}],"line":87}},"s":{"0":1,"1":1,"2":1,"3":1,"4":1,"5":1,"6":1,"7":1,"8":1,"9":0,"10":0,"11":1,"12":1,"13":1,"14":0,"15":1,"16":1,"17":2,"18":2,"19":2,"20":2,"21":0,"22":2,"23":1,"24":0,"25":1,"26":1,"27":1,"28":1,"29":1},"f":{"0":0,"1":0,"2":0,"3":2,"4":0,"5":1},"b":{"0":[0,1],"1":[1,0],"2":[0,0],"3":[0,0],"4":[2,0],"5":[1,1]},"_coverageSchema":"1a1c01bbd47fc00a2c39e90264f33305004495a9","hash":"58b5ad870283db491b9d470486ffbf4f752866b7"}
,"/Users/fernanda/Documents/Laboratoria/proyecto-5/BQAPI/controllers/login.js": {"path":"/Users/fernanda/Documents/Laboratoria/proyecto-5/BQAPI/controllers/login.js","statementMap":{"0":{"start":{"line":1,"column":14},"end":{"line":1,"column":43}},"1":{"start":{"line":2,"column":15},"end":{"line":2,"column":34}},"2":{"start":{"line":3,"column":12},"end":{"line":3,"column":35}},"3":{"start":{"line":4,"column":0},"end":{"line":4,"column":26}},"4":{"start":{"line":6,"column":15},"end":{"line":6,"column":33}},"5":{"start":{"line":8,"column":14},"end":{"line":39,"column":1}},"6":{"start":{"line":9,"column":18},"end":{"line":9,"column":32}},"7":{"start":{"line":10,"column":21},"end":{"line":10,"column":38}},"8":{"start":{"line":11,"column":4},"end":{"line":38,"column":6}},"9":{"start":{"line":18,"column":29},"end":{"line":18,"column":76}},"10":{"start":{"line":19,"column":8},"end":{"line":34,"column":9}},"11":{"start":{"line":20,"column":26},"end":{"line":25,"column":22}},"12":{"start":{"line":26,"column":12},"end":{"line":31,"column":15}},"13":{"start":{"line":33,"column":12},"end":{"line":33,"column":83}},"14":{"start":{"line":37,"column":12},"end":{"line":37,"column":81}},"15":{"start":{"line":41,"column":0},"end":{"line":41,"column":26}}},"fnMap":{"0":{"name":"(anonymous_0)","decl":{"start":{"line":8,"column":14},"end":{"line":8,"column":15}},"loc":{"start":{"line":8,"column":28},"end":{"line":39,"column":1}},"line":8},"1":{"name":"(anonymous_1)","decl":{"start":{"line":17,"column":10},"end":{"line":17,"column":11}},"loc":{"start":{"line":17,"column":24},"end":{"line":35,"column":5}},"line":17},"2":{"name":"(anonymous_2)","decl":{"start":{"line":36,"column":11},"end":{"line":36,"column":12}},"loc":{"start":{"line":36,"column":20},"end":{"line":38,"column":5}},"line":36}},"branchMap":{"0":{"loc":{"start":{"line":11,"column":4},"end":{"line":38,"column":6}},"type":"cond-expr","locations":[{"start":{"line":11,"column":13},"end":{"line":11,"column":71}},{"start":{"line":13,"column":4},"end":{"line":38,"column":6}}],"line":11},"1":{"loc":{"start":{"line":13,"column":4},"end":{"line":38,"column":6}},"type":"cond-expr","locations":[{"start":{"line":13,"column":16},"end":{"line":13,"column":77}},{"start":{"line":15,"column":4},"end":{"line":38,"column":6}}],"line":13},"2":{"loc":{"start":{"line":19,"column":8},"end":{"line":34,"column":9}},"type":"if","locations":[{"start":{"line":19,"column":8},"end":{"line":34,"column":9}},{"start":{"line":32,"column":13},"end":{"line":34,"column":9}}],"line":19}},"s":{"0":1,"1":1,"2":1,"3":1,"4":1,"5":1,"6":0,"7":0,"8":0,"9":0,"10":0,"11":0,"12":0,"13":0,"14":0,"15":1},"f":{"0":0,"1":0,"2":0},"b":{"0":[0,0],"1":[0,0],"2":[0,0]},"_coverageSchema":"1a1c01bbd47fc00a2c39e90264f33305004495a9","hash":"1a775d555832b928186a698d1b12a651e9b9b70a"}
,"/Users/fernanda/Documents/Laboratoria/proyecto-5/BQAPI/controllers/orders.js": {"path":"/Users/fernanda/Documents/Laboratoria/proyecto-5/BQAPI/controllers/orders.js","statementMap":{"0":{"start":{"line":3,"column":12},"end":{"line":3,"column":35}},"1":{"start":{"line":4,"column":14},"end":{"line":4,"column":44}},"2":{"start":{"line":5,"column":15},"end":{"line":5,"column":65}},"3":{"start":{"line":7,"column":20},"end":{"line":33,"column":1}},"4":{"start":{"line":8,"column":2},"end":{"line":32,"column":3}},"5":{"start":{"line":9,"column":4},"end":{"line":29,"column":5}},"6":{"start":{"line":10,"column":19},"end":{"line":16,"column":7}},"7":{"start":{"line":17,"column":21},"end":{"line":17,"column":36}},"8":{"start":{"line":18,"column":6},"end":{"line":18,"column":23}},"9":{"start":{"line":19,"column":6},"end":{"line":26,"column":10}},"10":{"start":{"line":22,"column":10},"end":{"line":22,"column":105}},"11":{"start":{"line":25,"column":10},"end":{"line":25,"column":96}},"12":{"start":{"line":28,"column":6},"end":{"line":28,"column":110}},"13":{"start":{"line":31,"column":4},"end":{"line":31,"column":122}},"14":{"start":{"line":34,"column":18},"end":{"line":43,"column":1}},"15":{"start":{"line":35,"column":2},"end":{"line":42,"column":6}},"16":{"start":{"line":38,"column":6},"end":{"line":38,"column":90}},"17":{"start":{"line":41,"column":6},"end":{"line":41,"column":125}},"18":{"start":{"line":45,"column":21},"end":{"line":54,"column":1}},"19":{"start":{"line":46,"column":2},"end":{"line":53,"column":6}},"20":{"start":{"line":49,"column":6},"end":{"line":49,"column":90}},"21":{"start":{"line":52,"column":6},"end":{"line":52,"column":125}},"22":{"start":{"line":56,"column":26},"end":{"line":76,"column":1}},"23":{"start":{"line":57,"column":2},"end":{"line":75,"column":3}},"24":{"start":{"line":58,"column":4},"end":{"line":72,"column":8}},"25":{"start":{"line":68,"column":8},"end":{"line":68,"column":85}},"26":{"start":{"line":71,"column":8},"end":{"line":71,"column":79}},"27":{"start":{"line":74,"column":4},"end":{"line":74,"column":80}},"28":{"start":{"line":78,"column":28},"end":{"line":110,"column":1}},"29":{"start":{"line":79,"column":24},"end":{"line":79,"column":41}},"30":{"start":{"line":81,"column":2},"end":{"line":86,"column":3}},"31":{"start":{"line":82,"column":4},"end":{"line":82,"column":56}},"32":{"start":{"line":84,"column":4},"end":{"line":84,"column":11}},"33":{"start":{"line":85,"column":4},"end":{"line":85,"column":123}},"34":{"start":{"line":87,"column":2},"end":{"line":96,"column":5}},"35":{"start":{"line":88,"column":18},"end":{"line":90,"column":6}},"36":{"start":{"line":89,"column":6},"end":{"line":89,"column":43}},"37":{"start":{"line":91,"column":4},"end":{"line":95,"column":5}},"38":{"start":{"line":92,"column":6},"end":{"line":92,"column":45}},"39":{"start":{"line":94,"column":6},"end":{"line":94,"column":34}},"40":{"start":{"line":97,"column":2},"end":{"line":97,"column":20}},"41":{"start":{"line":98,"column":2},"end":{"line":109,"column":6}},"42":{"start":{"line":105,"column":6},"end":{"line":105,"column":90}},"43":{"start":{"line":108,"column":6},"end":{"line":108,"column":89}},"44":{"start":{"line":111,"column":20},"end":{"line":127,"column":1}},"45":{"start":{"line":112,"column":2},"end":{"line":112,"column":28}},"46":{"start":{"line":113,"column":2},"end":{"line":126,"column":3}},"47":{"start":{"line":114,"column":4},"end":{"line":123,"column":8}},"48":{"start":{"line":119,"column":8},"end":{"line":119,"column":87}},"49":{"start":{"line":122,"column":8},"end":{"line":122,"column":90}},"50":{"start":{"line":125,"column":4},"end":{"line":125,"column":79}},"51":{"start":{"line":129,"column":0},"end":{"line":129,"column":110}}},"fnMap":{"0":{"name":"(anonymous_0)","decl":{"start":{"line":7,"column":20},"end":{"line":7,"column":21}},"loc":{"start":{"line":7,"column":34},"end":{"line":33,"column":1}},"line":7},"1":{"name":"(anonymous_1)","decl":{"start":{"line":21,"column":14},"end":{"line":21,"column":15}},"loc":{"start":{"line":21,"column":28},"end":{"line":23,"column":9}},"line":21},"2":{"name":"(anonymous_2)","decl":{"start":{"line":24,"column":15},"end":{"line":24,"column":16}},"loc":{"start":{"line":24,"column":26},"end":{"line":26,"column":9}},"line":24},"3":{"name":"(anonymous_3)","decl":{"start":{"line":34,"column":18},"end":{"line":34,"column":19}},"loc":{"start":{"line":34,"column":32},"end":{"line":43,"column":1}},"line":34},"4":{"name":"(anonymous_4)","decl":{"start":{"line":37,"column":10},"end":{"line":37,"column":11}},"loc":{"start":{"line":37,"column":22},"end":{"line":39,"column":5}},"line":37},"5":{"name":"(anonymous_5)","decl":{"start":{"line":40,"column":11},"end":{"line":40,"column":12}},"loc":{"start":{"line":40,"column":22},"end":{"line":42,"column":5}},"line":40},"6":{"name":"(anonymous_6)","decl":{"start":{"line":45,"column":21},"end":{"line":45,"column":22}},"loc":{"start":{"line":45,"column":35},"end":{"line":54,"column":1}},"line":45},"7":{"name":"(anonymous_7)","decl":{"start":{"line":48,"column":10},"end":{"line":48,"column":11}},"loc":{"start":{"line":48,"column":22},"end":{"line":50,"column":5}},"line":48},"8":{"name":"(anonymous_8)","decl":{"start":{"line":51,"column":11},"end":{"line":51,"column":12}},"loc":{"start":{"line":51,"column":22},"end":{"line":53,"column":5}},"line":51},"9":{"name":"(anonymous_9)","decl":{"start":{"line":56,"column":26},"end":{"line":56,"column":27}},"loc":{"start":{"line":56,"column":40},"end":{"line":76,"column":1}},"line":56},"10":{"name":"(anonymous_10)","decl":{"start":{"line":67,"column":12},"end":{"line":67,"column":13}},"loc":{"start":{"line":67,"column":26},"end":{"line":69,"column":7}},"line":67},"11":{"name":"(anonymous_11)","decl":{"start":{"line":70,"column":13},"end":{"line":70,"column":14}},"loc":{"start":{"line":70,"column":22},"end":{"line":72,"column":7}},"line":70},"12":{"name":"(anonymous_12)","decl":{"start":{"line":78,"column":28},"end":{"line":78,"column":29}},"loc":{"start":{"line":78,"column":48},"end":{"line":110,"column":1}},"line":78},"13":{"name":"(anonymous_13)","decl":{"start":{"line":87,"column":24},"end":{"line":87,"column":25}},"loc":{"start":{"line":87,"column":37},"end":{"line":96,"column":3}},"line":87},"14":{"name":"(anonymous_14)","decl":{"start":{"line":88,"column":43},"end":{"line":88,"column":44}},"loc":{"start":{"line":88,"column":51},"end":{"line":90,"column":5}},"line":88},"15":{"name":"(anonymous_15)","decl":{"start":{"line":104,"column":10},"end":{"line":104,"column":11}},"loc":{"start":{"line":104,"column":22},"end":{"line":106,"column":5}},"line":104},"16":{"name":"(anonymous_16)","decl":{"start":{"line":107,"column":11},"end":{"line":107,"column":12}},"loc":{"start":{"line":107,"column":20},"end":{"line":109,"column":5}},"line":107},"17":{"name":"(anonymous_17)","decl":{"start":{"line":111,"column":20},"end":{"line":111,"column":21}},"loc":{"start":{"line":111,"column":34},"end":{"line":127,"column":1}},"line":111},"18":{"name":"(anonymous_18)","decl":{"start":{"line":118,"column":12},"end":{"line":118,"column":13}},"loc":{"start":{"line":118,"column":24},"end":{"line":120,"column":7}},"line":118},"19":{"name":"(anonymous_19)","decl":{"start":{"line":121,"column":13},"end":{"line":121,"column":14}},"loc":{"start":{"line":121,"column":22},"end":{"line":123,"column":7}},"line":121}},"branchMap":{"0":{"loc":{"start":{"line":8,"column":2},"end":{"line":32,"column":3}},"type":"if","locations":[{"start":{"line":8,"column":2},"end":{"line":32,"column":3}},{"start":{"line":30,"column":9},"end":{"line":32,"column":3}}],"line":8},"1":{"loc":{"start":{"line":9,"column":4},"end":{"line":29,"column":5}},"type":"if","locations":[{"start":{"line":9,"column":4},"end":{"line":29,"column":5}},{"start":{"line":27,"column":11},"end":{"line":29,"column":5}}],"line":9},"2":{"loc":{"start":{"line":57,"column":2},"end":{"line":75,"column":3}},"type":"if","locations":[{"start":{"line":57,"column":2},"end":{"line":75,"column":3}},{"start":{"line":73,"column":9},"end":{"line":75,"column":3}}],"line":57},"3":{"loc":{"start":{"line":91,"column":4},"end":{"line":95,"column":5}},"type":"if","locations":[{"start":{"line":91,"column":4},"end":{"line":95,"column":5}},{"start":{"line":93,"column":11},"end":{"line":95,"column":5}}],"line":91},"4":{"loc":{"start":{"line":113,"column":2},"end":{"line":126,"column":3}},"type":"if","locations":[{"start":{"line":113,"column":2},"end":{"line":126,"column":3}},{"start":{"line":124,"column":9},"end":{"line":126,"column":3}}],"line":113}},"s":{"0":1,"1":1,"2":1,"3":1,"4":0,"5":0,"6":0,"7":0,"8":0,"9":0,"10":0,"11":0,"12":0,"13":0,"14":1,"15":0,"16":0,"17":0,"18":1,"19":0,"20":0,"21":0,"22":1,"23":0,"24":0,"25":0,"26":0,"27":0,"28":1,"29":0,"30":0,"31":0,"32":0,"33":0,"34":0,"35":0,"36":0,"37":0,"38":0,"39":0,"40":0,"41":0,"42":0,"43":0,"44":1,"45":0,"46":0,"47":0,"48":0,"49":0,"50":0,"51":1},"f":{"0":0,"1":0,"2":0,"3":0,"4":0,"5":0,"6":0,"7":0,"8":0,"9":0,"10":0,"11":0,"12":0,"13":0,"14":0,"15":0,"16":0,"17":0,"18":0,"19":0},"b":{"0":[0,0],"1":[0,0],"2":[0,0],"3":[0,0],"4":[0,0]},"_coverageSchema":"1a1c01bbd47fc00a2c39e90264f33305004495a9","hash":"b42cdb3e64e6f4087143f4decdd645b74d175211"}
,"/Users/fernanda/Documents/Laboratoria/proyecto-5/BQAPI/controllers/users.js": {"path":"/Users/fernanda/Documents/Laboratoria/proyecto-5/BQAPI/controllers/users.js","statementMap":{"0":{"start":{"line":1,"column":14},"end":{"line":1,"column":43}},"1":{"start":{"line":2,"column":15},"end":{"line":2,"column":34}},"2":{"start":{"line":3,"column":12},"end":{"line":3,"column":35}},"3":{"start":{"line":5,"column":13},"end":{"line":5,"column":35}},"4":{"start":{"line":7,"column":21},"end":{"line":23,"column":1}},"5":{"start":{"line":8,"column":15},"end":{"line":13,"column":3}},"6":{"start":{"line":14,"column":15},"end":{"line":14,"column":30}},"7":{"start":{"line":15,"column":2},"end":{"line":22,"column":6}},"8":{"start":{"line":18,"column":6},"end":{"line":18,"column":86}},"9":{"start":{"line":21,"column":6},"end":{"line":21,"column":102}},"10":{"start":{"line":25,"column":21},"end":{"line":38,"column":1}},"11":{"start":{"line":26,"column":4},"end":{"line":37,"column":5}},"12":{"start":{"line":27,"column":6},"end":{"line":34,"column":10}},"13":{"start":{"line":30,"column":10},"end":{"line":30,"column":93}},"14":{"start":{"line":33,"column":10},"end":{"line":33,"column":129}},"15":{"start":{"line":36,"column":6},"end":{"line":36,"column":97}},"16":{"start":{"line":40,"column":19},"end":{"line":57,"column":1}},"17":{"start":{"line":41,"column":4},"end":{"line":56,"column":5}},"18":{"start":{"line":42,"column":6},"end":{"line":53,"column":10}},"19":{"start":{"line":49,"column":14},"end":{"line":49,"column":109}},"20":{"start":{"line":52,"column":10},"end":{"line":52,"column":117}},"21":{"start":{"line":55,"column":6},"end":{"line":55,"column":122}},"22":{"start":{"line":61,"column":0},"end":{"line":61,"column":59}}},"fnMap":{"0":{"name":"(anonymous_0)","decl":{"start":{"line":7,"column":21},"end":{"line":7,"column":22}},"loc":{"start":{"line":7,"column":35},"end":{"line":23,"column":1}},"line":7},"1":{"name":"(anonymous_1)","decl":{"start":{"line":17,"column":10},"end":{"line":17,"column":11}},"loc":{"start":{"line":17,"column":24},"end":{"line":19,"column":5}},"line":17},"2":{"name":"(anonymous_2)","decl":{"start":{"line":20,"column":11},"end":{"line":20,"column":12}},"loc":{"start":{"line":20,"column":22},"end":{"line":22,"column":5}},"line":20},"3":{"name":"(anonymous_3)","decl":{"start":{"line":25,"column":21},"end":{"line":25,"column":22}},"loc":{"start":{"line":25,"column":41},"end":{"line":38,"column":1}},"line":25},"4":{"name":"(anonymous_4)","decl":{"start":{"line":29,"column":14},"end":{"line":29,"column":15}},"loc":{"start":{"line":29,"column":26},"end":{"line":31,"column":9}},"line":29},"5":{"name":"(anonymous_5)","decl":{"start":{"line":32,"column":15},"end":{"line":32,"column":16}},"loc":{"start":{"line":32,"column":26},"end":{"line":34,"column":9}},"line":32},"6":{"name":"(anonymous_6)","decl":{"start":{"line":40,"column":19},"end":{"line":40,"column":20}},"loc":{"start":{"line":40,"column":39},"end":{"line":57,"column":1}},"line":40},"7":{"name":"(anonymous_7)","decl":{"start":{"line":48,"column":14},"end":{"line":48,"column":15}},"loc":{"start":{"line":48,"column":26},"end":{"line":50,"column":9}},"line":48},"8":{"name":"(anonymous_8)","decl":{"start":{"line":51,"column":15},"end":{"line":51,"column":16}},"loc":{"start":{"line":51,"column":26},"end":{"line":53,"column":9}},"line":51}},"branchMap":{"0":{"loc":{"start":{"line":26,"column":4},"end":{"line":37,"column":5}},"type":"if","locations":[{"start":{"line":26,"column":4},"end":{"line":37,"column":5}},{"start":{"line":35,"column":11},"end":{"line":37,"column":5}}],"line":26},"1":{"loc":{"start":{"line":41,"column":4},"end":{"line":56,"column":5}},"type":"if","locations":[{"start":{"line":41,"column":4},"end":{"line":56,"column":5}},{"start":{"line":54,"column":11},"end":{"line":56,"column":5}}],"line":41},"2":{"loc":{"start":{"line":41,"column":8},"end":{"line":41,"column":80}},"type":"binary-expr","locations":[{"start":{"line":41,"column":8},"end":{"line":41,"column":27}},{"start":{"line":41,"column":32},"end":{"line":41,"column":61}},{"start":{"line":41,"column":65},"end":{"line":41,"column":79}}],"line":41}},"s":{"0":1,"1":1,"2":1,"3":1,"4":1,"5":0,"6":0,"7":0,"8":0,"9":0,"10":1,"11":0,"12":0,"13":0,"14":0,"15":0,"16":1,"17":0,"18":0,"19":0,"20":0,"21":0,"22":1},"f":{"0":0,"1":0,"2":0,"3":0,"4":0,"5":0,"6":0,"7":0,"8":0},"b":{"0":[0,0],"1":[0,0],"2":[0,0,0]},"_coverageSchema":"1a1c01bbd47fc00a2c39e90264f33305004495a9","hash":"ef9f5790204d2c9afde1e7b7f154d51893b8d7f8"}
,"/Users/fernanda/Documents/Laboratoria/proyecto-5/BQAPI/models/orders.js": {"path":"/Users/fernanda/Documents/Laboratoria/proyecto-5/BQAPI/models/orders.js","statementMap":{"0":{"start":{"line":1,"column":17},"end":{"line":1,"column":36}},"1":{"start":{"line":2,"column":19},"end":{"line":2,"column":27}},"2":{"start":{"line":5,"column":20},"end":{"line":55,"column":2}},"3":{"start":{"line":58,"column":17},"end":{"line":58,"column":54}},"4":{"start":{"line":59,"column":2},"end":{"line":59,"column":26}}},"fnMap":{},"branchMap":{},"s":{"0":1,"1":1,"2":1,"3":1,"4":1},"f":{},"b":{},"_coverageSchema":"1a1c01bbd47fc00a2c39e90264f33305004495a9","hash":"61d1a46da8269e3a5f4a06f0a7589eb4eedcaa75"}
,"/Users/fernanda/Documents/Laboratoria/proyecto-5/BQAPI/models/users.js": {"path":"/Users/fernanda/Documents/Laboratoria/proyecto-5/BQAPI/models/users.js","statementMap":{"0":{"start":{"line":1,"column":17},"end":{"line":1,"column":36}},"1":{"start":{"line":2,"column":19},"end":{"line":2,"column":27}},"2":{"start":{"line":4,"column":19},"end":{"line":32,"column":2}},"3":{"start":{"line":36,"column":14},"end":{"line":36,"column":49}},"4":{"start":{"line":38,"column":0},"end":{"line":38,"column":22}}},"fnMap":{},"branchMap":{},"s":{"0":1,"1":1,"2":1,"3":1,"4":1},"f":{},"b":{},"_coverageSchema":"1a1c01bbd47fc00a2c39e90264f33305004495a9","hash":"740e4e2e7806f3eb3fa8a1d1649cf4ec0bc629db"}
,"/Users/fernanda/Documents/Laboratoria/proyecto-5/BQAPI/routes/auth.js": {"path":"/Users/fernanda/Documents/Laboratoria/proyecto-5/BQAPI/routes/auth.js","statementMap":{"0":{"start":{"line":1,"column":16},"end":{"line":1,"column":34}},"1":{"start":{"line":2,"column":15},"end":{"line":2,"column":31}},"2":{"start":{"line":3,"column":18},"end":{"line":3,"column":52}},"3":{"start":{"line":5,"column":0},"end":{"line":7,"column":2}},"4":{"start":{"line":6,"column":4},"end":{"line":6,"column":19}},"5":{"start":{"line":9,"column":0},"end":{"line":9,"column":23}}},"fnMap":{"0":{"name":"(anonymous_0)","decl":{"start":{"line":5,"column":17},"end":{"line":5,"column":18}},"loc":{"start":{"line":5,"column":31},"end":{"line":7,"column":1}},"line":5}},"branchMap":{},"s":{"0":1,"1":1,"2":1,"3":1,"4":0,"5":1},"f":{"0":0},"b":{},"_coverageSchema":"1a1c01bbd47fc00a2c39e90264f33305004495a9","hash":"bb1d0d0ff6f8d345f99f40bf9d5e838f6d960bbe"}
,"/Users/fernanda/Documents/Laboratoria/proyecto-5/BQAPI/routes/index.js": {"path":"/Users/fernanda/Documents/Laboratoria/proyecto-5/BQAPI/routes/index.js","statementMap":{"0":{"start":{"line":1,"column":16},"end":{"line":1,"column":34}},"1":{"start":{"line":2,"column":15},"end":{"line":2,"column":31}},"2":{"start":{"line":4,"column":20},"end":{"line":4,"column":38}},"3":{"start":{"line":5,"column":19},"end":{"line":5,"column":36}},"4":{"start":{"line":6,"column":21},"end":{"line":6,"column":40}},"5":{"start":{"line":9,"column":0},"end":{"line":9,"column":33}},"6":{"start":{"line":10,"column":0},"end":{"line":10,"column":31}},"7":{"start":{"line":11,"column":0},"end":{"line":11,"column":35}},"8":{"start":{"line":14,"column":0},"end":{"line":14,"column":22}}},"fnMap":{},"branchMap":{},"s":{"0":1,"1":1,"2":1,"3":1,"4":1,"5":1,"6":1,"7":1,"8":1},"f":{},"b":{},"_coverageSchema":"1a1c01bbd47fc00a2c39e90264f33305004495a9","hash":"12781ad3d7e99f5d6e3915457c0a321164c69423"}
,"/Users/fernanda/Documents/Laboratoria/proyecto-5/BQAPI/routes/orders.js": {"path":"/Users/fernanda/Documents/Laboratoria/proyecto-5/BQAPI/routes/orders.js","statementMap":{"0":{"start":{"line":1,"column":16},"end":{"line":1,"column":34}},"1":{"start":{"line":2,"column":15},"end":{"line":2,"column":31}},"2":{"start":{"line":3,"column":102},"end":{"line":3,"column":137}},"3":{"start":{"line":6,"column":0},"end":{"line":8,"column":2}},"4":{"start":{"line":7,"column":4},"end":{"line":7,"column":25}},"5":{"start":{"line":9,"column":0},"end":{"line":11,"column":2}},"6":{"start":{"line":10,"column":4},"end":{"line":10,"column":23}},"7":{"start":{"line":12,"column":0},"end":{"line":14,"column":2}},"8":{"start":{"line":13,"column":4},"end":{"line":13,"column":26}},"9":{"start":{"line":15,"column":0},"end":{"line":17,"column":2}},"10":{"start":{"line":16,"column":4},"end":{"line":16,"column":31}},"11":{"start":{"line":18,"column":0},"end":{"line":20,"column":2}},"12":{"start":{"line":19,"column":4},"end":{"line":19,"column":33}},"13":{"start":{"line":21,"column":0},"end":{"line":23,"column":2}},"14":{"start":{"line":22,"column":4},"end":{"line":22,"column":25}},"15":{"start":{"line":27,"column":0},"end":{"line":27,"column":23}}},"fnMap":{"0":{"name":"(anonymous_0)","decl":{"start":{"line":6,"column":17},"end":{"line":6,"column":18}},"loc":{"start":{"line":6,"column":31},"end":{"line":8,"column":1}},"line":6},"1":{"name":"(anonymous_1)","decl":{"start":{"line":9,"column":16},"end":{"line":9,"column":17}},"loc":{"start":{"line":9,"column":30},"end":{"line":11,"column":1}},"line":9},"2":{"name":"(anonymous_2)","decl":{"start":{"line":12,"column":19},"end":{"line":12,"column":20}},"loc":{"start":{"line":12,"column":33},"end":{"line":14,"column":1}},"line":12},"3":{"name":"(anonymous_3)","decl":{"start":{"line":15,"column":26},"end":{"line":15,"column":27}},"loc":{"start":{"line":15,"column":39},"end":{"line":17,"column":1}},"line":15},"4":{"name":"(anonymous_4)","decl":{"start":{"line":18,"column":28},"end":{"line":18,"column":29}},"loc":{"start":{"line":18,"column":42},"end":{"line":20,"column":1}},"line":18},"5":{"name":"(anonymous_5)","decl":{"start":{"line":21,"column":22},"end":{"line":21,"column":23}},"loc":{"start":{"line":21,"column":36},"end":{"line":23,"column":1}},"line":21}},"branchMap":{},"s":{"0":1,"1":1,"2":1,"3":1,"4":0,"5":1,"6":0,"7":1,"8":0,"9":1,"10":0,"11":1,"12":0,"13":1,"14":0,"15":1},"f":{"0":0,"1":0,"2":0,"3":0,"4":0,"5":0},"b":{},"_coverageSchema":"1a1c01bbd47fc00a2c39e90264f33305004495a9","hash":"d69bd9ed3eb765ff152aaedd583d48b07c25dd4b"}
,"/Users/fernanda/Documents/Laboratoria/proyecto-5/BQAPI/routes/users.js": {"path":"/Users/fernanda/Documents/Laboratoria/proyecto-5/BQAPI/routes/users.js","statementMap":{"0":{"start":{"line":1,"column":16},"end":{"line":1,"column":34}},"1":{"start":{"line":2,"column":15},"end":{"line":2,"column":31}},"2":{"start":{"line":3,"column":51},"end":{"line":3,"column":85}},"3":{"start":{"line":6,"column":0},"end":{"line":8,"column":2}},"4":{"start":{"line":7,"column":4},"end":{"line":7,"column":26}},"5":{"start":{"line":9,"column":0},"end":{"line":11,"column":2}},"6":{"start":{"line":10,"column":4},"end":{"line":10,"column":26}},"7":{"start":{"line":12,"column":0},"end":{"line":14,"column":2}},"8":{"start":{"line":13,"column":4},"end":{"line":13,"column":24}},"9":{"start":{"line":18,"column":0},"end":{"line":18,"column":23}}},"fnMap":{"0":{"name":"(anonymous_0)","decl":{"start":{"line":6,"column":17},"end":{"line":6,"column":18}},"loc":{"start":{"line":6,"column":31},"end":{"line":8,"column":1}},"line":6},"1":{"name":"(anonymous_1)","decl":{"start":{"line":9,"column":16},"end":{"line":9,"column":17}},"loc":{"start":{"line":9,"column":30},"end":{"line":11,"column":1}},"line":9},"2":{"name":"(anonymous_2)","decl":{"start":{"line":12,"column":19},"end":{"line":12,"column":20}},"loc":{"start":{"line":12,"column":33},"end":{"line":14,"column":1}},"line":12}},"branchMap":{},"s":{"0":1,"1":1,"2":1,"3":1,"4":0,"5":1,"6":0,"7":1,"8":0,"9":1},"f":{"0":0,"1":0,"2":0},"b":{},"_coverageSchema":"1a1c01bbd47fc00a2c39e90264f33305004495a9","hash":"1134a0f4878c9fd21ad3fa03731a7dbdad907475"}
}
